<?xml version="1.0" encoding="UTF-8"?>
<testng-results ignored="0" total="1" passed="1" failed="0" skipped="0">
  <reporter-output>
  </reporter-output>
  <suite started-at="2024-10-13T14:39:36 IST" name="Default suite" finished-at="2024-10-13T14:40:05 IST" duration-ms="28592">
    <groups>
    </groups>
    <test started-at="2024-10-13T14:39:36 IST" name="Default test" finished-at="2024-10-13T14:40:05 IST" duration-ms="28592">
      <class name="tests.AppTest">
        <test-method is-config="true" signature="setup()[pri:0, instance:tests.AppTest@24aed80c]" started-at="2024-10-13T14:39:36 IST" name="setup" finished-at="2024-10-13T14:39:42 IST" duration-ms="6233" status="PASS">
          <reporter-output>
          </reporter-output>
        </test-method> <!-- setup -->
        <test-method signature="appFlow()[pri:0, instance:tests.AppTest@24aed80c]" started-at="2024-10-13T14:39:42 IST" name="appFlow" finished-at="2024-10-13T14:40:04 IST" duration-ms="21966" status="PASS">
          <reporter-output>
          </reporter-output>
        </test-method> <!-- appFlow -->
        <test-method is-config="true" signature="teardown()[pri:0, instance:tests.AppTest@24aed80c]" started-at="2024-10-13T14:40:04 IST" name="teardown" finished-at="2024-10-13T14:40:05 IST" duration-ms="369" status="PASS">
          <reporter-output>
          </reporter-output>
        </test-method> <!-- teardown -->
      </class> <!-- tests.AppTest -->
    </test> <!-- Default test -->
  </suite> <!-- Default suite -->
</testng-results>
